<?xml version="1.0" encoding="UTF-8"?>
<!-- Generated by org.testng.reporters.JUnitReportReporter -->
<testsuite hostname="DESKTOP-GT5VKB2" failures="0" tests="1" name="com.RegistrationFormTest.StudentRegistrationFormTest" time="0.860" errors="0" timestamp="2023-05-21T15:49:16 BDT" skipped="0">
  <testcase classname="com.RegistrationFormTest.StudentRegistrationFormTest" name="Registration" time="0.860"/>
  <system-out/>
</testsuite> <!-- com.RegistrationFormTest.StudentRegistrationFormTest -->
