<?xml version="1.0" encoding="UTF-8"?>
<!-- Generated by org.testng.reporters.JUnitReportReporter -->
<testsuite hostname="DESKTOP-GT5VKB2" failures="0" tests="1" name="com.WebTable_Test.RegistratioForm_Test" time="0.994" errors="0" timestamp="2023-05-19T12:19:48 BDT" skipped="0">
  <testcase classname="com.WebTable_Test.RegistratioForm_Test" name="AddCustomer" time="0.994"/>
  <system-out/>
</testsuite> <!-- com.WebTable_Test.RegistratioForm_Test -->
