<?xml version="1.0" encoding="UTF-8"?>
<!-- Generated by org.testng.reporters.JUnitReportReporter -->
<testsuite hostname="DESKTOP-GT5VKB2" failures="0" tests="1" name="com.demoQA_test.DemoQA_test" time="0.852" errors="0" timestamp="2023-05-18T16:56:13 BDT" skipped="0">
  <testcase classname="com.demoQA_test.DemoQA_test" name="TextBox" time="0.852"/>
  <system-out/>
</testsuite> <!-- com.demoQA_test.DemoQA_test -->
